<?xml version="1.0" encoding="UTF-8"?>
<!-- Generated by org.testng.reporters.JUnitReportReporter -->
<testsuite hostname="DESKTOP-A2MCLK4" failures="0" tests="5" name="testCases.Tc_003_LoginDDT" time="58.707" errors="0" timestamp="2023-04-10T17:10:24 IST" skipped="0">
  <testcase classname="testCases.Tc_003_LoginDDT" name="test_LoginDDt" time="11.827"/>
  <system-out/>
  <testcase classname="testCases.Tc_003_LoginDDT" name="test_LoginDDt" time="12.721"/>
  <system-out/>
  <testcase classname="testCases.Tc_003_LoginDDT" name="test_LoginDDt" time="11.432"/>
  <system-out/>
  <testcase classname="testCases.Tc_003_LoginDDT" name="test_LoginDDt" time="11.189"/>
  <system-out/>
  <testcase classname="testCases.Tc_003_LoginDDT" name="test_LoginDDt" time="11.538"/>
  <system-out/>
</testsuite> <!-- testCases.Tc_003_LoginDDT -->
