<?xml version="1.0" encoding="UTF-8"?>
<!-- Generated by org.testng.reporters.JUnitReportReporter -->
<testsuite hostname="DESKTOP-A2MCLK4" failures="0" tests="5" name="testCases.Tc_003_LoginDDT" time="55.827" errors="0" timestamp="2023-04-10T21:05:32 IST" skipped="0">
  <testcase classname="testCases.Tc_003_LoginDDT" name="test_LoginDDt" time="11.097"/>
  <system-out/>
  <testcase classname="testCases.Tc_003_LoginDDT" name="test_LoginDDt" time="11.318"/>
  <system-out/>
  <testcase classname="testCases.Tc_003_LoginDDT" name="test_LoginDDt" time="11.199"/>
  <system-out/>
  <testcase classname="testCases.Tc_003_LoginDDT" name="test_LoginDDt" time="11.109"/>
  <system-out/>
  <testcase classname="testCases.Tc_003_LoginDDT" name="test_LoginDDt" time="11.104"/>
  <system-out/>
</testsuite> <!-- testCases.Tc_003_LoginDDT -->
